<?xml version="1.0" encoding="UTF-8"?>
<!-- Generated by org.testng.reporters.JUnitReportReporter -->
<testsuite hostname="LAPTOP-BPCGH62E" failures="0" tests="1" name="test.Demotest4" time="0.009" errors="0" timestamp="2023-10-02T21:10:43 GMT-04:00" skipped="0">
  <testcase classname="test.Demotest4" name="demoTest" time="0.009"/>
</testsuite> <!-- test.Demotest4 -->
