<?xml version="1.0" encoding="UTF-8"?>
<!-- Generated by org.testng.reporters.JUnitReportReporter -->
<testsuite hostname="LAPTOP-BPCGH62E" failures="0" tests="1" name="test.DemoTest" time="0.015" errors="0" timestamp="2023-10-02T21:08:41 GMT-04:00" skipped="0">
  <testcase classname="test.DemoTest" name="demoTest" time="0.015"/>
</testsuite> <!-- test.DemoTest -->
