<?xml version="1.0" encoding="UTF-8"?>
<!-- Generated by org.testng.reporters.JUnitReportReporter -->
<testsuite hostname="LAPTOP-BPCGH62E" failures="0" tests="3" name="test.FaceBookLoginTest" time="13.728" errors="0" timestamp="2023-09-27T19:51:26 GMT-04:00" skipped="0">
  <testcase classname="test.FaceBookLoginTest" name="loginWithValidCredentials" time="2.627"/>
  <testcase classname="test.FaceBookLoginTest" name="loginWithValidUserNameAndInvalidPassword" time="8.356"/>
  <testcase classname="test.FaceBookLoginTest" name="loginWithInvalidUserNameAndValidPassword" time="2.745"/>
</testsuite> <!-- test.FaceBookLoginTest -->
